2024-07-22 09:16:12.6104|                     0|                     INFO|                     Microsoft.Hosting.Lifetime|                     Application started. Press Ctrl+C to shut down. |                     url: |                     action: 
2024-07-22 09:16:12.6298|                     0|                     INFO|                     Microsoft.Hosting.Lifetime|                     Hosting environment: Development |                     url: |                     action: 
2024-07-22 09:16:12.6298|                     0|                     INFO|                     Microsoft.Hosting.Lifetime|                     Content root path: C:\Users\Hp\Desktop\eBooks\src\eBooks.Web |                     url: |                     action: 
2024-07-22 13:16:30.2637|                     0|                     ERROR|                     eBooks.Web.Program|                     Stopped program because of exception Microsoft.Extensions.Hosting.HostAbortedException: The host was aborted.
   at Microsoft.Extensions.Hosting.HostFactoryResolver.HostingListener.ThrowHostAborted()
   at Microsoft.Extensions.Hosting.HostFactoryResolver.HostingListener.OnNext(KeyValuePair`2 value)
   at System.Diagnostics.DiagnosticListener.Write(String name, Object value)
   at Microsoft.Extensions.Hosting.HostBuilder.ResolveHost(IServiceProvider serviceProvider, DiagnosticListener diagnosticListener)
   at Microsoft.Extensions.Hosting.HostApplicationBuilder.Build()
   at Microsoft.AspNetCore.Builder.WebApplicationBuilder.Build()
   at Program.<Main>$(String[] args) in C:\Users\Hp\Desktop\eBooks\src\eBooks.Web\Program.cs:line 35|                     url: |                     action: 
2024-07-22 13:17:26.7884|                     0|                     ERROR|                     eBooks.Web.Program|                     Stopped program because of exception Microsoft.Extensions.Hosting.HostAbortedException: The host was aborted.
   at Microsoft.Extensions.Hosting.HostFactoryResolver.HostingListener.ThrowHostAborted()
   at Microsoft.Extensions.Hosting.HostFactoryResolver.HostingListener.OnNext(KeyValuePair`2 value)
   at System.Diagnostics.DiagnosticListener.Write(String name, Object value)
   at Microsoft.Extensions.Hosting.HostBuilder.ResolveHost(IServiceProvider serviceProvider, DiagnosticListener diagnosticListener)
   at Microsoft.Extensions.Hosting.HostApplicationBuilder.Build()
   at Microsoft.AspNetCore.Builder.WebApplicationBuilder.Build()
   at Program.<Main>$(String[] args) in C:\Users\Hp\Desktop\eBooks\src\eBooks.Web\Program.cs:line 35|                     url: |                     action: 
2024-07-22 13:45:57.7406|                     0|                     INFO|                     Microsoft.Hosting.Lifetime|                     Application started. Press Ctrl+C to shut down. |                     url: |                     action: 
2024-07-22 13:45:57.7808|                     0|                     INFO|                     Microsoft.Hosting.Lifetime|                     Hosting environment: Development |                     url: |                     action: 
2024-07-22 13:45:57.7960|                     0|                     INFO|                     Microsoft.Hosting.Lifetime|                     Content root path: C:\Users\Hp\Desktop\eBooks\src\eBooks.Web |                     url: |                     action: 
