2024-07-23 10:59:44.8834|                     20102|                     ERROR|                     Microsoft.EntityFrameworkCore.Database.Command|                     Failed executing DbCommand (369ms) [Parameters=[], CommandType='Text', CommandTimeout='30']
CREATE TABLE [ELMAH_Error] (
    [Sequence] int NOT NULL IDENTITY,
    [ErrorId] uniqueidentifier NOT NULL DEFAULT (NEWID()),
    [Application] nvarchar(60) NOT NULL,
    [Host] nvarchar(50) NOT NULL,
    [Type] nvarchar(100) NOT NULL,
    [Source] nvarchar(60) NOT NULL,
    [Message] nvarchar(500) NOT NULL,
    [User] nvarchar(50) NOT NULL,
    [StatusCode] int NOT NULL,
    [TimeUtc] datetime2 NOT NULL,
    [AllXml] nvarchar(max) NOT NULL,
    CONSTRAINT [PK_ELMAH_Error] PRIMARY KEY ([Sequence])
); |                     url: |                     action: 
2024-07-23 10:59:45.4135|                     0|                     ERROR|                     eBooks.Web.Program|                     Stopped program because of exception Microsoft.Data.SqlClient.SqlException (0x80131904): There is already an object named 'ELMAH_Error' in the database.
   at Microsoft.Data.SqlClient.SqlConnection.OnError(SqlException exception, Boolean breakConnection, Action`1 wrapCloseInAction)
   at Microsoft.Data.SqlClient.SqlInternalConnection.OnError(SqlException exception, Boolean breakConnection, Action`1 wrapCloseInAction)
   at Microsoft.Data.SqlClient.TdsParser.ThrowExceptionAndWarning(TdsParserStateObject stateObj, Boolean callerHasConnectionLock, Boolean asyncClose)
   at Microsoft.Data.SqlClient.TdsParser.TryRun(RunBehavior runBehavior, SqlCommand cmdHandler, SqlDataReader dataStream, BulkCopySimpleResultSet bulkCopyHandler, TdsParserStateObject stateObj, Boolean& dataReady)
   at Microsoft.Data.SqlClient.SqlCommand.InternalEndExecuteNonQuery(IAsyncResult asyncResult, Boolean isInternal, String endMethod)
   at Microsoft.Data.SqlClient.SqlCommand.EndExecuteNonQueryInternal(IAsyncResult asyncResult)
   at Microsoft.Data.SqlClient.SqlCommand.EndExecuteNonQueryAsync(IAsyncResult asyncResult)
   at Microsoft.Data.SqlClient.SqlCommand.<>c.<InternalExecuteNonQueryAsync>b__210_1(IAsyncResult result)
   at System.Threading.Tasks.TaskFactory`1.FromAsyncCoreLogic(IAsyncResult iar, Func`2 endFunction, Action`1 endAction, Task`1 promise, Boolean requiresSynchronization)
--- End of stack trace from previous location ---
   at Microsoft.EntityFrameworkCore.Storage.RelationalCommand.ExecuteNonQueryAsync(RelationalCommandParameterObject parameterObject, CancellationToken cancellationToken)
   at Microsoft.EntityFrameworkCore.Storage.RelationalCommand.ExecuteNonQueryAsync(RelationalCommandParameterObject parameterObject, CancellationToken cancellationToken)
   at Microsoft.EntityFrameworkCore.Storage.RelationalCommand.ExecuteNonQueryAsync(RelationalCommandParameterObject parameterObject, CancellationToken cancellationToken)
   at Microsoft.EntityFrameworkCore.Migrations.Internal.MigrationCommandExecutor.ExecuteNonQueryAsync(IEnumerable`1 migrationCommands, IRelationalConnection connection, CancellationToken cancellationToken)
   at Microsoft.EntityFrameworkCore.Migrations.Internal.MigrationCommandExecutor.ExecuteNonQueryAsync(IEnumerable`1 migrationCommands, IRelationalConnection connection, CancellationToken cancellationToken)
   at Microsoft.EntityFrameworkCore.Migrations.Internal.MigrationCommandExecutor.ExecuteNonQueryAsync(IEnumerable`1 migrationCommands, IRelationalConnection connection, CancellationToken cancellationToken)
   at Microsoft.EntityFrameworkCore.Migrations.Internal.MigrationCommandExecutor.ExecuteNonQueryAsync(IEnumerable`1 migrationCommands, IRelationalConnection connection, CancellationToken cancellationToken)
   at Microsoft.EntityFrameworkCore.Migrations.Internal.Migrator.MigrateAsync(String targetMigration, CancellationToken cancellationToken)
   at Program.<Main>$(String[] args) in C:\Users\Hp\Desktop\eBooks\src\eBooks.Web\Program.cs:line 71
ClientConnectionId:47bd4dee-e300-4587-b970-e74f3f47bab4
Error Number:2714,State:6,Class:16|                     url: |                     action: 
2024-07-23 11:02:17.2114|                     0|                     INFO|                     Microsoft.Hosting.Lifetime|                     Application started. Press Ctrl+C to shut down. |                     url: |                     action: 
2024-07-23 11:02:17.2386|                     0|                     INFO|                     Microsoft.Hosting.Lifetime|                     Hosting environment: Development |                     url: |                     action: 
2024-07-23 11:02:17.2386|                     0|                     INFO|                     Microsoft.Hosting.Lifetime|                     Content root path: C:\Users\Hp\Desktop\eBooks\src\eBooks.Web |                     url: |                     action: 
