2024-07-20 08:54:32.9106|                     0|                     INFO|                     Microsoft.Hosting.Lifetime|                     Application started. Press Ctrl+C to shut down. |                     url: |                     action: 
2024-07-20 08:54:33.0219|                     0|                     INFO|                     Microsoft.Hosting.Lifetime|                     Hosting environment: Development |                     url: |                     action: 
2024-07-20 08:54:33.0219|                     0|                     INFO|                     Microsoft.Hosting.Lifetime|                     Content root path: C:\Users\Hp\Desktop\eBooks\src\eBooks.Web |                     url: |                     action: 
2024-07-20 09:14:09.4325|                     0|                     ERROR|                     eBooks.Web.Middlewares.ExceptionLoggingMiddleware|                     خطای ناشناخته NLog message: Exception in NLog.LayoutRenderers.ExceptionLayoutRenderer.AppendToString(): System.TypeLoadException.|                     url: https://localhost/Admin/User|                     action: Index
2024-07-20 09:14:10.5206|                     1|                     ERROR|                     Microsoft.AspNetCore.Diagnostics.DeveloperExceptionPageMiddleware|                     An unhandled exception has occurred while executing the request. NLog message: Exception in NLog.LayoutRenderers.ExceptionLayoutRenderer.AppendToString(): System.TypeLoadException.|                     url: https://localhost/Admin/User|                     action: Index
2024-07-20 09:14:11.4937|                     3|                     ERROR|                     Microsoft.AspNetCore.Diagnostics.DeveloperExceptionPageMiddleware|                     An exception was thrown attempting to display the error page. System.TypeLoadException: Could not resolve type 'AspNetCoreGeneratedDocument.Areas_Admin_Views_User_Index' in assembly 'eBooks.Web, Version=1.0.0.0, Culture=neutral, PublicKeyToken=null'.
   at System.Reflection.TypeNameParser.GetTypeFromDefaultAssemblies(String typeName, ReadOnlySpan`1 nestedTypeNames)
   at System.Reflection.TypeNameParser.GetType(String typeName, ReadOnlySpan`1 nestedTypeNames, String assemblyNameIfAny)
   at System.Reflection.TypeNameParser.NestedNamespaceTypeName.ResolveType(TypeNameParser& parser, String containingAssemblyIfAny)
   at System.Reflection.TypeNameParser.GetTypeHelper(Char* pTypeName, RuntimeAssembly requestingAssembly, Boolean throwOnError, Boolean requireAssemblyQualifiedName)
   at System.Reflection.CustomAttribute._CreateCaObject(RuntimeModule pModule, RuntimeType type, IRuntimeMethodInfo pCtor, Byte** ppBlob, Byte* pEndBlob, Int32* pcNamedArgs)
   at System.Reflection.CustomAttribute.AddCustomAttributes(ListBuilder`1& attributes, RuntimeModule decoratedModule, Int32 decoratedMetadataToken, RuntimeType attributeFilterType, Boolean mustBeInheritable, ListBuilder`1 derivedAttributes)
   at System.Reflection.CustomAttribute.GetCustomAttributes(RuntimeMethodInfo method, RuntimeType caType, Boolean inherit)
   at System.Attribute.GetCustomAttributes(MemberInfo element, Type attributeType, Boolean inherit)
   at System.Reflection.CustomAttributeExtensions.GetCustomAttributes[T](MemberInfo element)
   at Microsoft.Extensions.StackTrace.Sources.StackTraceHelper.TryResolveStateMachineMethod(MethodBase& method, Type& declaringType)
   at Microsoft.Extensions.StackTrace.Sources.StackTraceHelper.GetMethodDisplayString(MethodBase method)
   at Microsoft.Extensions.StackTrace.Sources.StackTraceHelper.GetFrames(Exception exception, AggregateException& error)
   at Microsoft.Extensions.StackTrace.Sources.ExceptionDetailsProvider.GetStackFrames(Exception original)
   at Microsoft.Extensions.StackTrace.Sources.ExceptionDetailsProvider.GetDetails(Exception exception)+MoveNext()
   at Microsoft.AspNetCore.Diagnostics.RazorViews.ErrorPage.ExecuteAsync()
   at Microsoft.Extensions.RazorViews.BaseView.ExecuteAsync(HttpContext context)
   at Microsoft.AspNetCore.Diagnostics.DeveloperExceptionPageMiddlewareImpl.Invoke(HttpContext context)|                     url: https://localhost/Admin/User|                     action: Index
2024-07-20 09:14:12.2179|                     2|                     ERROR|                     Microsoft.AspNetCore.Server.IIS.Core.IISHttpServer|                     Connection ID "17077649792894501384", Request ID "80000209-0001-ed00-b63f-84710c7967bb": An unhandled exception was thrown by the application. NLog message: Exception in NLog.LayoutRenderers.ExceptionLayoutRenderer.AppendToString(): System.TypeLoadException.|                     url: https://localhost/Admin/User|                     action: Index
2024-07-20 09:58:49.6566|                     0|                     INFO|                     Microsoft.Hosting.Lifetime|                     Application started. Press Ctrl+C to shut down. |                     url: |                     action: 
2024-07-20 09:58:49.6733|                     0|                     INFO|                     Microsoft.Hosting.Lifetime|                     Hosting environment: Development |                     url: |                     action: 
2024-07-20 09:58:49.6778|                     0|                     INFO|                     Microsoft.Hosting.Lifetime|                     Content root path: C:\Users\Hp\Desktop\eBooks\src\eBooks.Web |                     url: |                     action: 
2024-07-20 10:57:33.3820|                     0|                     INFO|                     Microsoft.Hosting.Lifetime|                     Application started. Press Ctrl+C to shut down. |                     url: |                     action: 
2024-07-20 10:57:33.4275|                     0|                     INFO|                     Microsoft.Hosting.Lifetime|                     Hosting environment: Development |                     url: |                     action: 
2024-07-20 10:57:33.4275|                     0|                     INFO|                     Microsoft.Hosting.Lifetime|                     Content root path: C:\Users\Hp\Desktop\eBooks\src\eBooks.Web |                     url: |                     action: 
2024-07-20 11:12:55.0440|                     0|                     INFO|                     Microsoft.Hosting.Lifetime|                     Application started. Press Ctrl+C to shut down. |                     url: |                     action: 
2024-07-20 11:12:55.0859|                     0|                     INFO|                     Microsoft.Hosting.Lifetime|                     Hosting environment: Development |                     url: |                     action: 
2024-07-20 11:12:55.0859|                     0|                     INFO|                     Microsoft.Hosting.Lifetime|                     Content root path: C:\Users\Hp\Desktop\eBooks\src\eBooks.Web |                     url: |                     action: 
2024-07-20 13:08:41.9719|                     0|                     INFO|                     Microsoft.Hosting.Lifetime|                     Application started. Press Ctrl+C to shut down. |                     url: |                     action: 
2024-07-20 13:08:42.0231|                     0|                     INFO|                     Microsoft.Hosting.Lifetime|                     Hosting environment: Development |                     url: |                     action: 
2024-07-20 13:08:42.0231|                     0|                     INFO|                     Microsoft.Hosting.Lifetime|                     Content root path: C:\Users\Hp\Desktop\eBooks\src\eBooks.Web |                     url: |                     action: 
2024-07-20 13:42:28.4446|                     0|                     INFO|                     Microsoft.Hosting.Lifetime|                     Application started. Press Ctrl+C to shut down. |                     url: |                     action: 
2024-07-20 13:42:28.4795|                     0|                     INFO|                     Microsoft.Hosting.Lifetime|                     Hosting environment: Development |                     url: |                     action: 
2024-07-20 13:42:28.4795|                     0|                     INFO|                     Microsoft.Hosting.Lifetime|                     Content root path: C:\Users\Hp\Desktop\eBooks\src\eBooks.Web |                     url: |                     action: 
