2024-07-12 10:07:06.6354|                     0|                     INFO|                     Microsoft.Hosting.Lifetime|                     Application started. Press Ctrl+C to shut down. |                     url: |                     action: 
2024-07-12 10:07:06.6616|                     0|                     INFO|                     Microsoft.Hosting.Lifetime|                     Hosting environment: Development |                     url: |                     action: 
2024-07-12 10:07:06.6675|                     0|                     INFO|                     Microsoft.Hosting.Lifetime|                     Content root path: C:\Users\Hp\Desktop\eBooks\src\eBooks.Web |                     url: |                     action: 
2024-07-12 10:13:58.0203|                     0|                     INFO|                     Microsoft.Hosting.Lifetime|                     Application started. Press Ctrl+C to shut down. |                     url: |                     action: 
2024-07-12 10:13:58.0903|                     0|                     INFO|                     Microsoft.Hosting.Lifetime|                     Hosting environment: Development |                     url: |                     action: 
2024-07-12 10:13:58.1111|                     0|                     INFO|                     Microsoft.Hosting.Lifetime|                     Content root path: C:\Users\Hp\Desktop\eBooks\src\eBooks.Web |                     url: |                     action: 
2024-07-12 11:29:02.8986|                     0|                     INFO|                     Microsoft.Hosting.Lifetime|                     Application started. Press Ctrl+C to shut down. |                     url: |                     action: 
2024-07-12 11:29:02.8986|                     0|                     INFO|                     Microsoft.Hosting.Lifetime|                     Hosting environment: Development |                     url: |                     action: 
2024-07-12 11:29:02.9144|                     0|                     INFO|                     Microsoft.Hosting.Lifetime|                     Content root path: C:\Users\Hp\Desktop\eBooks\src\eBooks.Web |                     url: |                     action: 
2024-07-12 11:30:26.5141|                     0|                     INFO|                     Microsoft.Hosting.Lifetime|                     Application started. Press Ctrl+C to shut down. |                     url: |                     action: 
2024-07-12 11:30:26.5410|                     0|                     INFO|                     Microsoft.Hosting.Lifetime|                     Hosting environment: Development |                     url: |                     action: 
2024-07-12 11:30:26.5410|                     0|                     INFO|                     Microsoft.Hosting.Lifetime|                     Content root path: C:\Users\Hp\Desktop\eBooks\src\eBooks.Web |                     url: |                     action: 
2024-07-12 11:39:34.7169|                     0|                     INFO|                     Microsoft.Hosting.Lifetime|                     Application started. Press Ctrl+C to shut down. |                     url: |                     action: 
2024-07-12 11:39:34.7401|                     0|                     INFO|                     Microsoft.Hosting.Lifetime|                     Hosting environment: Development |                     url: |                     action: 
2024-07-12 11:39:34.7401|                     0|                     INFO|                     Microsoft.Hosting.Lifetime|                     Content root path: C:\Users\Hp\Desktop\eBooks\src\eBooks.Web |                     url: |                     action: 
2024-07-12 11:48:34.6153|                     0|                     INFO|                     Microsoft.Hosting.Lifetime|                     Application started. Press Ctrl+C to shut down. |                     url: |                     action: 
2024-07-12 11:48:34.6397|                     0|                     INFO|                     Microsoft.Hosting.Lifetime|                     Hosting environment: Development |                     url: |                     action: 
2024-07-12 11:48:34.6397|                     0|                     INFO|                     Microsoft.Hosting.Lifetime|                     Content root path: C:\Users\Hp\Desktop\eBooks\src\eBooks.Web |                     url: |                     action: 
2024-07-12 11:52:14.5929|                     3|                     ERROR|                     Microsoft.AspNetCore.Mvc.ViewFeatures.ViewResultExecutor|                     The view 'Create' was not found. Searched locations: /Views/Library/Create.cshtml, /Views/Shared/Create.cshtml |                     url: https://localhost/Library/Create|                     action: Create
2024-07-12 11:52:15.1928|                     0|                     ERROR|                     eBooks.Web.Middlewares.ExceptionLoggingMiddleware|                     خطای ناشناخته System.InvalidOperationException: The view 'Create' was not found. The following locations were searched:
/Views/Library/Create.cshtml
/Views/Shared/Create.cshtml
   at Microsoft.AspNetCore.Mvc.ViewEngines.ViewEngineResult.EnsureSuccessful(IEnumerable`1 originalLocations)
   at Microsoft.AspNetCore.Mvc.ViewFeatures.ViewResultExecutor.ExecuteAsync(ActionContext context, ViewResult result)
   at Microsoft.AspNetCore.Mvc.ViewResult.ExecuteResultAsync(ActionContext context)
   at Microsoft.AspNetCore.Mvc.Infrastructure.ResourceInvoker.<InvokeResultAsync>g__Logged|22_0(ResourceInvoker invoker, IActionResult result)
   at Microsoft.AspNetCore.Mvc.Infrastructure.ResourceInvoker.<InvokeNextResultFilterAsync>g__Awaited|30_0[TFilter,TFilterAsync](ResourceInvoker invoker, Task lastTask, State next, Scope scope, Object state, Boolean isCompleted)
   at Microsoft.AspNetCore.Mvc.Infrastructure.ResourceInvoker.Rethrow(ResultExecutedContextSealed context)
   at Microsoft.AspNetCore.Mvc.Infrastructure.ResourceInvoker.ResultNext[TFilter,TFilterAsync](State& next, Scope& scope, Object& state, Boolean& isCompleted)
   at Microsoft.AspNetCore.Mvc.Infrastructure.ResourceInvoker.InvokeResultFilters()
--- End of stack trace from previous location ---
   at Microsoft.AspNetCore.Mvc.Infrastructure.ResourceInvoker.<InvokeNextResourceFilter>g__Awaited|25_0(ResourceInvoker invoker, Task lastTask, State next, Scope scope, Object state, Boolean isCompleted)
   at Microsoft.AspNetCore.Mvc.Infrastructure.ResourceInvoker.Rethrow(ResourceExecutedContextSealed context)
   at Microsoft.AspNetCore.Mvc.Infrastructure.ResourceInvoker.Next(State& next, Scope& scope, Object& state, Boolean& isCompleted)
   at Microsoft.AspNetCore.Mvc.Infrastructure.ResourceInvoker.<InvokeFilterPipelineAsync>g__Awaited|20_0(ResourceInvoker invoker, Task lastTask, State next, Scope scope, Object state, Boolean isCompleted)
   at Microsoft.AspNetCore.Mvc.Infrastructure.ResourceInvoker.<InvokeAsync>g__Logged|17_1(ResourceInvoker invoker)
   at Microsoft.AspNetCore.Mvc.Infrastructure.ResourceInvoker.<InvokeAsync>g__Logged|17_1(ResourceInvoker invoker)
   at eBooks.Web.Middlewares.ExceptionLoggingMiddleware.Invoke(HttpContext context)|                     url: https://localhost/Library/Create|                     action: Create
2024-07-12 11:52:15.5167|                     1|                     ERROR|                     Microsoft.AspNetCore.Diagnostics.DeveloperExceptionPageMiddleware|                     An unhandled exception has occurred while executing the request. System.InvalidOperationException: The view 'Create' was not found. The following locations were searched:
/Views/Library/Create.cshtml
/Views/Shared/Create.cshtml
   at Microsoft.AspNetCore.Mvc.ViewEngines.ViewEngineResult.EnsureSuccessful(IEnumerable`1 originalLocations)
   at Microsoft.AspNetCore.Mvc.ViewFeatures.ViewResultExecutor.ExecuteAsync(ActionContext context, ViewResult result)
   at Microsoft.AspNetCore.Mvc.ViewResult.ExecuteResultAsync(ActionContext context)
   at Microsoft.AspNetCore.Mvc.Infrastructure.ResourceInvoker.<InvokeResultAsync>g__Logged|22_0(ResourceInvoker invoker, IActionResult result)
   at Microsoft.AspNetCore.Mvc.Infrastructure.ResourceInvoker.<InvokeNextResultFilterAsync>g__Awaited|30_0[TFilter,TFilterAsync](ResourceInvoker invoker, Task lastTask, State next, Scope scope, Object state, Boolean isCompleted)
   at Microsoft.AspNetCore.Mvc.Infrastructure.ResourceInvoker.Rethrow(ResultExecutedContextSealed context)
   at Microsoft.AspNetCore.Mvc.Infrastructure.ResourceInvoker.ResultNext[TFilter,TFilterAsync](State& next, Scope& scope, Object& state, Boolean& isCompleted)
   at Microsoft.AspNetCore.Mvc.Infrastructure.ResourceInvoker.InvokeResultFilters()
--- End of stack trace from previous location ---
   at Microsoft.AspNetCore.Mvc.Infrastructure.ResourceInvoker.<InvokeNextResourceFilter>g__Awaited|25_0(ResourceInvoker invoker, Task lastTask, State next, Scope scope, Object state, Boolean isCompleted)
   at Microsoft.AspNetCore.Mvc.Infrastructure.ResourceInvoker.Rethrow(ResourceExecutedContextSealed context)
   at Microsoft.AspNetCore.Mvc.Infrastructure.ResourceInvoker.Next(State& next, Scope& scope, Object& state, Boolean& isCompleted)
   at Microsoft.AspNetCore.Mvc.Infrastructure.ResourceInvoker.<InvokeFilterPipelineAsync>g__Awaited|20_0(ResourceInvoker invoker, Task lastTask, State next, Scope scope, Object state, Boolean isCompleted)
   at Microsoft.AspNetCore.Mvc.Infrastructure.ResourceInvoker.<InvokeAsync>g__Logged|17_1(ResourceInvoker invoker)
   at Microsoft.AspNetCore.Mvc.Infrastructure.ResourceInvoker.<InvokeAsync>g__Logged|17_1(ResourceInvoker invoker)
   at eBooks.Web.Middlewares.ExceptionLoggingMiddleware.Invoke(HttpContext context)
   at Microsoft.AspNetCore.Authorization.AuthorizationMiddleware.Invoke(HttpContext context)
   at Microsoft.AspNetCore.Authentication.AuthenticationMiddleware.Invoke(HttpContext context)
   at Microsoft.AspNetCore.Diagnostics.DeveloperExceptionPageMiddlewareImpl.Invoke(HttpContext context)|                     url: https://localhost/Library/Create|                     action: Create
2024-07-12 12:56:23.5426|                     0|                     INFO|                     Microsoft.Hosting.Lifetime|                     Application started. Press Ctrl+C to shut down. |                     url: |                     action: 
2024-07-12 12:56:23.5754|                     0|                     INFO|                     Microsoft.Hosting.Lifetime|                     Hosting environment: Development |                     url: |                     action: 
2024-07-12 12:56:23.5754|                     0|                     INFO|                     Microsoft.Hosting.Lifetime|                     Content root path: C:\Users\Hp\Desktop\eBooks\src\eBooks.Web |                     url: |                     action: 
2024-07-12 13:12:57.5846|                     0|                     INFO|                     Microsoft.Hosting.Lifetime|                     Application started. Press Ctrl+C to shut down. |                     url: |                     action: 
2024-07-12 13:12:57.6107|                     0|                     INFO|                     Microsoft.Hosting.Lifetime|                     Hosting environment: Development |                     url: |                     action: 
2024-07-12 13:12:57.6140|                     0|                     INFO|                     Microsoft.Hosting.Lifetime|                     Content root path: C:\Users\Hp\Desktop\eBooks\src\eBooks.Web |                     url: |                     action: 
2024-07-12 13:38:18.0653|                     0|                     INFO|                     Microsoft.Hosting.Lifetime|                     Application started. Press Ctrl+C to shut down. |                     url: |                     action: 
2024-07-12 13:38:18.0905|                     0|                     INFO|                     Microsoft.Hosting.Lifetime|                     Hosting environment: Development |                     url: |                     action: 
2024-07-12 13:38:18.1086|                     0|                     INFO|                     Microsoft.Hosting.Lifetime|                     Content root path: C:\Users\Hp\Desktop\eBooks\src\eBooks.Web |                     url: |                     action: 
